<?xml version="1.0" encoding="UTF-8"?>
<coverage generated="1580357116583" clover="3.2.0">
  <project timestamp="1580357116583" name="All files">
    <metrics statements="137" coveredstatements="131" conditionals="88" coveredconditionals="76" methods="39" coveredmethods="39" elements="264" coveredelements="246" complexity="0" loc="137" ncloc="137" packages="1" files="1" classes="1"/>
    <file name="index.js" path="/Users/Sufiyaan/Repos/PersonalProjects/easy-time-picker/src/index.js">
      <metrics statements="137" coveredstatements="131" conditionals="88" coveredconditionals="76" methods="39" coveredmethods="39"/>
      <line num="6" count="35" type="stmt"/>
      <line num="18" count="1" type="stmt"/>
      <line num="27" count="1" type="stmt"/>
      <line num="36" count="35" type="stmt"/>
      <line num="37" count="35" type="stmt"/>
      <line num="40" count="35" type="stmt"/>
      <line num="41" count="35" type="stmt"/>
      <line num="45" count="61" type="cond" truecount="2" falsecount="0"/>
      <line num="46" count="1" type="stmt"/>
      <line num="51" count="1" type="stmt"/>
      <line num="54" count="35" type="stmt"/>
      <line num="55" count="35" type="cond" truecount="2" falsecount="0"/>
      <line num="56" count="32" type="cond" truecount="1" falsecount="0"/>
      <line num="57" count="32" type="stmt"/>
      <line num="58" count="32" type="stmt"/>
      <line num="60" count="3" type="cond" truecount="1" falsecount="1"/>
      <line num="61" count="3" type="cond" truecount="1" falsecount="0"/>
      <line num="62" count="3" type="stmt"/>
      <line num="63" count="3" type="stmt"/>
      <line num="67" count="35" type="stmt"/>
      <line num="68" count="35" type="stmt"/>
      <line num="69" count="35" type="cond" truecount="1" falsecount="1"/>
      <line num="70" count="35" type="cond" truecount="2" falsecount="2"/>
      <line num="71" count="0" type="stmt"/>
      <line num="72" count="0" type="cond" truecount="0" falsecount="2"/>
      <line num="73" count="0" type="stmt"/>
      <line num="75" count="0" type="stmt"/>
      <line num="80" count="0" type="stmt"/>
      <line num="81" count="0" type="stmt"/>
      <line num="83" count="35" type="stmt"/>
      <line num="87" count="35" type="stmt"/>
      <line num="88" count="3" type="stmt"/>
      <line num="89" count="3" type="cond" truecount="2" falsecount="0"/>
      <line num="93" count="2" type="stmt"/>
      <line num="95" count="1" type="stmt"/>
      <line num="103" count="35" type="stmt"/>
      <line num="104" count="2" type="stmt"/>
      <line num="105" count="2" type="cond" truecount="2" falsecount="0"/>
      <line num="110" count="35" type="stmt"/>
      <line num="111" count="7" type="cond" truecount="3" falsecount="0"/>
      <line num="113" count="4" type="stmt"/>
      <line num="114" count="4" type="stmt"/>
      <line num="115" count="4" type="stmt"/>
      <line num="117" count="2" type="cond" truecount="1" falsecount="1"/>
      <line num="118" count="2" type="stmt"/>
      <line num="119" count="2" type="stmt"/>
      <line num="121" count="2" type="stmt"/>
      <line num="123" count="1" type="stmt"/>
      <line num="127" count="35" type="stmt"/>
      <line num="128" count="3" type="stmt"/>
      <line num="130" count="3" type="cond" truecount="2" falsecount="0"/>
      <line num="133" count="3" type="cond" truecount="3" falsecount="1"/>
      <line num="134" count="3" type="stmt"/>
      <line num="135" count="3" type="stmt"/>
      <line num="137" count="3" type="cond" truecount="1" falsecount="1"/>
      <line num="138" count="3" type="stmt"/>
      <line num="143" count="35" type="stmt"/>
      <line num="144" count="5" type="stmt"/>
      <line num="145" count="5" type="cond" truecount="3" falsecount="0"/>
      <line num="147" count="1" type="stmt"/>
      <line num="153" count="1" type="stmt"/>
      <line num="155" count="3" type="stmt"/>
      <line num="161" count="3" type="stmt"/>
      <line num="163" count="1" type="stmt"/>
      <line num="169" count="1" type="stmt"/>
      <line num="171" count="5" type="stmt"/>
      <line num="174" count="35" type="stmt"/>
      <line num="175" count="2" type="stmt"/>
      <line num="176" count="2" type="cond" truecount="2" falsecount="0"/>
      <line num="177" count="1" type="stmt"/>
      <line num="178" count="1" type="stmt"/>
      <line num="181" count="2" type="stmt"/>
      <line num="184" count="35" type="stmt"/>
      <line num="185" count="4" type="stmt"/>
      <line num="186" count="4" type="cond" truecount="3" falsecount="0"/>
      <line num="188" count="1" type="cond" truecount="3" falsecount="1"/>
      <line num="189" count="1" type="stmt"/>
      <line num="191" count="1" type="stmt"/>
      <line num="193" count="2" type="cond" truecount="4" falsecount="0"/>
      <line num="194" count="1" type="stmt"/>
      <line num="196" count="2" type="cond" truecount="4" falsecount="0"/>
      <line num="197" count="1" type="stmt"/>
      <line num="199" count="2" type="stmt"/>
      <line num="201" count="1" type="cond" truecount="3" falsecount="1"/>
      <line num="202" count="1" type="stmt"/>
      <line num="204" count="1" type="stmt"/>
      <line num="208" count="35" type="stmt"/>
      <line num="209" count="2" type="stmt"/>
      <line num="210" count="2" type="stmt"/>
      <line num="214" count="35" type="stmt"/>
      <line num="215" count="1" type="stmt"/>
      <line num="218" count="35" type="stmt"/>
      <line num="219" count="1" type="stmt"/>
      <line num="228" count="35" type="stmt"/>
      <line num="229" count="4" type="stmt"/>
      <line num="230" count="4" type="stmt"/>
      <line num="232" count="4" type="stmt"/>
      <line num="235" count="35" type="stmt"/>
      <line num="236" count="10" type="stmt"/>
      <line num="237" count="10" type="stmt"/>
      <line num="238" count="10" type="stmt"/>
      <line num="239" count="10" type="cond" truecount="2" falsecount="0"/>
      <line num="240" count="10" type="cond" truecount="2" falsecount="0"/>
      <line num="241" count="10" type="cond" truecount="4" falsecount="0"/>
      <line num="242" count="9" type="stmt"/>
      <line num="243" count="9" type="stmt"/>
      <line num="245" count="1" type="cond" truecount="1" falsecount="1"/>
      <line num="246" count="1" type="stmt"/>
      <line num="250" count="35" type="stmt"/>
      <line num="251" count="96" type="stmt"/>
      <line num="252" count="96" type="cond" truecount="2" falsecount="0"/>
      <line num="253" count="96" type="stmt"/>
      <line num="256" count="1303" type="cond" truecount="2" falsecount="0"/>
      <line num="257" count="960" type="stmt"/>
      <line num="260" count="1" type="stmt"/>
      <line num="265" count="343" type="stmt"/>
      <line num="267" count="1" type="stmt"/>
      <line num="274" count="35" type="stmt"/>
      <line num="275" count="183" type="cond" truecount="2" falsecount="0"/>
      <line num="276" count="183" type="stmt"/>
      <line num="279" count="10980" type="cond" truecount="2" falsecount="0"/>
      <line num="280" count="10820" type="cond" truecount="2" falsecount="0"/>
      <line num="281" count="1806" type="stmt"/>
      <line num="282" count="1" type="stmt"/>
      <line num="287" count="9014" type="stmt"/>
      <line num="289" count="1" type="stmt"/>
      <line num="296" count="10980" type="stmt"/>
      <line num="300" count="35" type="stmt"/>
      <line num="301" count="279" type="stmt"/>
      <line num="302" count="217" type="stmt"/>
      <line num="311" count="96" type="stmt"/>
      <line num="320" count="74" type="stmt"/>
      <line num="334" count="74" type="stmt"/>
      <line num="354" count="69" type="stmt"/>
      <line num="377" count="69" type="stmt"/>
      <line num="384" count="1" type="stmt"/>
      <line num="385" count="1" type="stmt"/>
    </file>
  </project>
</coverage>
