{"/Users/Sufiyaan/Repos/PersonalProjects/easy-time-picker/src/index.js": {"path":"/Users/Sufiyaan/Repos/PersonalProjects/easy-time-picker/src/index.js","statementMap":{"0":{"start":{"line":6,"column":10},"end":{"line":16,"column":3}},"1":{"start":{"line":18,"column":21},"end":{"line":25,"column":3}},"2":{"start":{"line":27,"column":24},"end":{"line":34,"column":3}},"3":{"start":{"line":36,"column":26},"end":{"line":36,"column":71}},"4":{"start":{"line":37,"column":29},"end":{"line":37,"column":68}},"5":{"start":{"line":40,"column":4},"end":{"line":40,"column":29}},"6":{"start":{"line":41,"column":4},"end":{"line":41,"column":69}},"7":{"start":{"line":45,"column":4},"end":{"line":47,"column":5}},"8":{"start":{"line":46,"column":6},"end":{"line":46,"column":31}},"9":{"start":{"line":51,"column":4},"end":{"line":51,"column":72}},"10":{"start":{"line":54,"column":27},"end":{"line":65,"column":3}},"11":{"start":{"line":55,"column":4},"end":{"line":59,"column":5}},"12":{"start":{"line":56,"column":54},"end":{"line":56,"column":74}},"13":{"start":{"line":57,"column":6},"end":{"line":57,"column":56}},"14":{"start":{"line":58,"column":6},"end":{"line":58,"column":13}},"15":{"start":{"line":60,"column":4},"end":{"line":64,"column":5}},"16":{"start":{"line":61,"column":45},"end":{"line":61,"column":65}},"17":{"start":{"line":62,"column":6},"end":{"line":62,"column":62}},"18":{"start":{"line":63,"column":6},"end":{"line":63,"column":13}},"19":{"start":{"line":67,"column":22},"end":{"line":85,"column":3}},"20":{"start":{"line":68,"column":22},"end":{"line":68,"column":32}},"21":{"start":{"line":69,"column":4},"end":{"line":84,"column":5}},"22":{"start":{"line":70,"column":6},"end":{"line":82,"column":7}},"23":{"start":{"line":71,"column":21},"end":{"line":71,"column":28}},"24":{"start":{"line":72,"column":8},"end":{"line":74,"column":9}},"25":{"start":{"line":73,"column":10},"end":{"line":73,"column":27}},"26":{"start":{"line":75,"column":30},"end":{"line":79,"column":10}},"27":{"start":{"line":80,"column":8},"end":{"line":80,"column":51}},"28":{"start":{"line":81,"column":8},"end":{"line":81,"column":15}},"29":{"start":{"line":83,"column":6},"end":{"line":83,"column":41}},"30":{"start":{"line":87,"column":21},"end":{"line":101,"column":3}},"31":{"start":{"line":88,"column":31},"end":{"line":88,"column":41}},"32":{"start":{"line":89,"column":4},"end":{"line":94,"column":5}},"33":{"start":{"line":93,"column":6},"end":{"line":93,"column":13}},"34":{"start":{"line":95,"column":4},"end":{"line":100,"column":7}},"35":{"start":{"line":103,"column":26},"end":{"line":108,"column":3}},"36":{"start":{"line":104,"column":33},"end":{"line":104,"column":43}},"37":{"start":{"line":105,"column":4},"end":{"line":107,"column":53}},"38":{"start":{"line":110,"column":21},"end":{"line":125,"column":3}},"39":{"start":{"line":111,"column":4},"end":{"line":124,"column":5}},"40":{"start":{"line":113,"column":8},"end":{"line":113,"column":58}},"41":{"start":{"line":114,"column":8},"end":{"line":114,"column":34}},"42":{"start":{"line":115,"column":8},"end":{"line":115,"column":14}},"43":{"start":{"line":117,"column":8},"end":{"line":120,"column":9}},"44":{"start":{"line":118,"column":10},"end":{"line":118,"column":60}},"45":{"start":{"line":119,"column":10},"end":{"line":119,"column":36}},"46":{"start":{"line":121,"column":8},"end":{"line":121,"column":14}},"47":{"start":{"line":123,"column":8},"end":{"line":123,"column":15}},"48":{"start":{"line":127,"column":22},"end":{"line":141,"column":3}},"49":{"start":{"line":128,"column":28},"end":{"line":128,"column":36}},"50":{"start":{"line":130,"column":6},"end":{"line":132,"column":41}},"51":{"start":{"line":133,"column":4},"end":{"line":140,"column":5}},"52":{"start":{"line":134,"column":6},"end":{"line":136,"column":9}},"53":{"start":{"line":135,"column":8},"end":{"line":135,"column":39}},"54":{"start":{"line":137,"column":6},"end":{"line":139,"column":7}},"55":{"start":{"line":138,"column":8},"end":{"line":138,"column":36}},"56":{"start":{"line":143,"column":16},"end":{"line":172,"column":3}},"57":{"start":{"line":144,"column":21},"end":{"line":144,"column":29}},"58":{"start":{"line":145,"column":4},"end":{"line":170,"column":5}},"59":{"start":{"line":147,"column":8},"end":{"line":152,"column":11}},"60":{"start":{"line":153,"column":8},"end":{"line":153,"column":14}},"61":{"start":{"line":155,"column":8},"end":{"line":160,"column":11}},"62":{"start":{"line":161,"column":8},"end":{"line":161,"column":14}},"63":{"start":{"line":163,"column":8},"end":{"line":168,"column":11}},"64":{"start":{"line":169,"column":8},"end":{"line":169,"column":14}},"65":{"start":{"line":171,"column":4},"end":{"line":171,"column":44}},"66":{"start":{"line":174,"column":15},"end":{"line":182,"column":3}},"67":{"start":{"line":175,"column":28},"end":{"line":175,"column":36}},"68":{"start":{"line":176,"column":4},"end":{"line":180,"column":5}},"69":{"start":{"line":177,"column":6},"end":{"line":179,"column":9}},"70":{"start":{"line":178,"column":8},"end":{"line":178,"column":39}},"71":{"start":{"line":181,"column":4},"end":{"line":181,"column":45}},"72":{"start":{"line":184,"column":18},"end":{"line":206,"column":3}},"73":{"start":{"line":185,"column":37},"end":{"line":185,"column":45}},"74":{"start":{"line":186,"column":4},"end":{"line":205,"column":5}},"75":{"start":{"line":188,"column":8},"end":{"line":190,"column":9}},"76":{"start":{"line":189,"column":10},"end":{"line":189,"column":36}},"77":{"start":{"line":191,"column":8},"end":{"line":191,"column":14}},"78":{"start":{"line":193,"column":8},"end":{"line":195,"column":9}},"79":{"start":{"line":194,"column":10},"end":{"line":194,"column":36}},"80":{"start":{"line":196,"column":8},"end":{"line":198,"column":9}},"81":{"start":{"line":197,"column":10},"end":{"line":197,"column":33}},"82":{"start":{"line":199,"column":8},"end":{"line":199,"column":14}},"83":{"start":{"line":201,"column":8},"end":{"line":203,"column":9}},"84":{"start":{"line":202,"column":10},"end":{"line":202,"column":36}},"85":{"start":{"line":204,"column":8},"end":{"line":204,"column":14}},"86":{"start":{"line":208,"column":23},"end":{"line":212,"column":3}},"87":{"start":{"line":209,"column":4},"end":{"line":211,"column":7}},"88":{"start":{"line":210,"column":6},"end":{"line":210,"column":37}},"89":{"start":{"line":214,"column":21},"end":{"line":216,"column":3}},"90":{"start":{"line":215,"column":4},"end":{"line":215,"column":45}},"91":{"start":{"line":218,"column":22},"end":{"line":226,"column":3}},"92":{"start":{"line":219,"column":4},"end":{"line":225,"column":7}},"93":{"start":{"line":228,"column":15},"end":{"line":233,"column":3}},"94":{"start":{"line":229,"column":4},"end":{"line":231,"column":7}},"95":{"start":{"line":230,"column":6},"end":{"line":230,"column":37}},"96":{"start":{"line":232,"column":4},"end":{"line":232,"column":32}},"97":{"start":{"line":235,"column":28},"end":{"line":248,"column":3}},"98":{"start":{"line":236,"column":47},"end":{"line":236,"column":57}},"99":{"start":{"line":237,"column":46},"end":{"line":237,"column":56}},"100":{"start":{"line":238,"column":24},"end":{"line":238,"column":44}},"101":{"start":{"line":239,"column":4},"end":{"line":239,"column":52}},"102":{"start":{"line":239,"column":21},"end":{"line":239,"column":52}},"103":{"start":{"line":240,"column":4},"end":{"line":240,"column":56}},"104":{"start":{"line":240,"column":26},"end":{"line":240,"column":56}},"105":{"start":{"line":241,"column":4},"end":{"line":244,"column":5}},"106":{"start":{"line":242,"column":6},"end":{"line":242,"column":41}},"107":{"start":{"line":243,"column":6},"end":{"line":243,"column":13}},"108":{"start":{"line":245,"column":4},"end":{"line":247,"column":5}},"109":{"start":{"line":246,"column":6},"end":{"line":246,"column":41}},"110":{"start":{"line":250,"column":14},"end":{"line":272,"column":3}},"111":{"start":{"line":251,"column":33},"end":{"line":251,"column":43}},"112":{"start":{"line":252,"column":26},"end":{"line":252,"column":52}},"113":{"start":{"line":253,"column":4},"end":{"line":271,"column":9}},"114":{"start":{"line":256,"column":8},"end":{"line":264,"column":9}},"115":{"start":{"line":257,"column":10},"end":{"line":263,"column":12}},"116":{"start":{"line":260,"column":29},"end":{"line":260,"column":74}},"117":{"start":{"line":265,"column":8},"end":{"line":270,"column":10}},"118":{"start":{"line":267,"column":27},"end":{"line":267,"column":74}},"119":{"start":{"line":274,"column":26},"end":{"line":298,"column":3}},"120":{"start":{"line":275,"column":21},"end":{"line":275,"column":71}},"121":{"start":{"line":276,"column":4},"end":{"line":297,"column":13}},"122":{"start":{"line":279,"column":8},"end":{"line":294,"column":9}},"123":{"start":{"line":280,"column":10},"end":{"line":293,"column":11}},"124":{"start":{"line":281,"column":12},"end":{"line":285,"column":14}},"125":{"start":{"line":282,"column":41},"end":{"line":282,"column":77}},"126":{"start":{"line":287,"column":12},"end":{"line":292,"column":14}},"127":{"start":{"line":289,"column":31},"end":{"line":289,"column":69}},"128":{"start":{"line":296,"column":8},"end":{"line":296,"column":21}},"129":{"start":{"line":300,"column":23},"end":{"line":308,"column":3}},"130":{"start":{"line":301,"column":4},"end":{"line":307,"column":9}},"131":{"start":{"line":302,"column":18},"end":{"line":302,"column":38}},"132":{"start":{"line":311,"column":4},"end":{"line":390,"column":6}},"133":{"start":{"line":320,"column":24},"end":{"line":320,"column":43}},"134":{"start":{"line":334,"column":24},"end":{"line":334,"column":46}},"135":{"start":{"line":354,"column":28},"end":{"line":354,"column":50}},"136":{"start":{"line":377,"column":26},"end":{"line":377,"column":46}},"137":{"start":{"line":384,"column":33},"end":{"line":384,"column":62}},"138":{"start":{"line":385,"column":33},"end":{"line":385,"column":62}}},"fnMap":{"0":{"name":"(anonymous_0)","decl":{"start":{"line":33,"column":14},"end":{"line":33,"column":15}},"loc":{"start":{"line":33,"column":20},"end":{"line":33,"column":22}},"line":33},"1":{"name":"(anonymous_1)","decl":{"start":{"line":39,"column":2},"end":{"line":39,"column":3}},"loc":{"start":{"line":39,"column":22},"end":{"line":42,"column":3}},"line":39},"2":{"name":"(anonymous_2)","decl":{"start":{"line":44,"column":2},"end":{"line":44,"column":3}},"loc":{"start":{"line":44,"column":32},"end":{"line":48,"column":3}},"line":44},"3":{"name":"(anonymous_3)","decl":{"start":{"line":50,"column":2},"end":{"line":50,"column":3}},"loc":{"start":{"line":50,"column":25},"end":{"line":52,"column":3}},"line":50},"4":{"name":"(anonymous_4)","decl":{"start":{"line":54,"column":27},"end":{"line":54,"column":28}},"loc":{"start":{"line":54,"column":36},"end":{"line":65,"column":3}},"line":54},"5":{"name":"(anonymous_5)","decl":{"start":{"line":67,"column":22},"end":{"line":67,"column":23}},"loc":{"start":{"line":67,"column":28},"end":{"line":85,"column":3}},"line":67},"6":{"name":"(anonymous_6)","decl":{"start":{"line":87,"column":21},"end":{"line":87,"column":22}},"loc":{"start":{"line":87,"column":26},"end":{"line":101,"column":3}},"line":87},"7":{"name":"(anonymous_7)","decl":{"start":{"line":103,"column":26},"end":{"line":103,"column":27}},"loc":{"start":{"line":103,"column":32},"end":{"line":108,"column":3}},"line":103},"8":{"name":"(anonymous_8)","decl":{"start":{"line":110,"column":21},"end":{"line":110,"column":22}},"loc":{"start":{"line":110,"column":37},"end":{"line":125,"column":3}},"line":110},"9":{"name":"(anonymous_9)","decl":{"start":{"line":127,"column":22},"end":{"line":127,"column":23}},"loc":{"start":{"line":127,"column":27},"end":{"line":141,"column":3}},"line":127},"10":{"name":"(anonymous_10)","decl":{"start":{"line":134,"column":39},"end":{"line":134,"column":40}},"loc":{"start":{"line":134,"column":45},"end":{"line":136,"column":7}},"line":134},"11":{"name":"(anonymous_11)","decl":{"start":{"line":143,"column":16},"end":{"line":143,"column":17}},"loc":{"start":{"line":143,"column":21},"end":{"line":172,"column":3}},"line":143},"12":{"name":"(anonymous_12)","decl":{"start":{"line":174,"column":15},"end":{"line":174,"column":16}},"loc":{"start":{"line":174,"column":20},"end":{"line":182,"column":3}},"line":174},"13":{"name":"(anonymous_13)","decl":{"start":{"line":177,"column":38},"end":{"line":177,"column":39}},"loc":{"start":{"line":177,"column":44},"end":{"line":179,"column":7}},"line":177},"14":{"name":"(anonymous_14)","decl":{"start":{"line":184,"column":18},"end":{"line":184,"column":19}},"loc":{"start":{"line":184,"column":23},"end":{"line":206,"column":3}},"line":184},"15":{"name":"(anonymous_15)","decl":{"start":{"line":208,"column":23},"end":{"line":208,"column":24}},"loc":{"start":{"line":208,"column":32},"end":{"line":212,"column":3}},"line":208},"16":{"name":"(anonymous_16)","decl":{"start":{"line":209,"column":56},"end":{"line":209,"column":57}},"loc":{"start":{"line":209,"column":62},"end":{"line":211,"column":5}},"line":209},"17":{"name":"(anonymous_17)","decl":{"start":{"line":214,"column":21},"end":{"line":214,"column":22}},"loc":{"start":{"line":214,"column":27},"end":{"line":216,"column":3}},"line":214},"18":{"name":"(anonymous_18)","decl":{"start":{"line":218,"column":22},"end":{"line":218,"column":23}},"loc":{"start":{"line":218,"column":28},"end":{"line":226,"column":3}},"line":218},"19":{"name":"(anonymous_19)","decl":{"start":{"line":228,"column":15},"end":{"line":228,"column":16}},"loc":{"start":{"line":228,"column":37},"end":{"line":233,"column":3}},"line":228},"20":{"name":"(anonymous_20)","decl":{"start":{"line":229,"column":51},"end":{"line":229,"column":52}},"loc":{"start":{"line":229,"column":57},"end":{"line":231,"column":5}},"line":229},"21":{"name":"(anonymous_21)","decl":{"start":{"line":235,"column":28},"end":{"line":235,"column":29}},"loc":{"start":{"line":235,"column":34},"end":{"line":248,"column":3}},"line":235},"22":{"name":"(anonymous_22)","decl":{"start":{"line":250,"column":14},"end":{"line":250,"column":15}},"loc":{"start":{"line":250,"column":20},"end":{"line":272,"column":3}},"line":250},"23":{"name":"(anonymous_23)","decl":{"start":{"line":255,"column":11},"end":{"line":255,"column":12}},"loc":{"start":{"line":255,"column":21},"end":{"line":271,"column":7}},"line":255},"24":{"name":"(anonymous_24)","decl":{"start":{"line":260,"column":23},"end":{"line":260,"column":24}},"loc":{"start":{"line":260,"column":29},"end":{"line":260,"column":74}},"line":260},"25":{"name":"(anonymous_25)","decl":{"start":{"line":267,"column":21},"end":{"line":267,"column":22}},"loc":{"start":{"line":267,"column":27},"end":{"line":267,"column":74}},"line":267},"26":{"name":"(anonymous_26)","decl":{"start":{"line":274,"column":26},"end":{"line":274,"column":27}},"loc":{"start":{"line":274,"column":42},"end":{"line":298,"column":3}},"line":274},"27":{"name":"(anonymous_27)","decl":{"start":{"line":278,"column":14},"end":{"line":278,"column":15}},"loc":{"start":{"line":278,"column":31},"end":{"line":297,"column":7}},"line":278},"28":{"name":"(anonymous_28)","decl":{"start":{"line":282,"column":35},"end":{"line":282,"column":36}},"loc":{"start":{"line":282,"column":41},"end":{"line":282,"column":77}},"line":282},"29":{"name":"(anonymous_29)","decl":{"start":{"line":289,"column":25},"end":{"line":289,"column":26}},"loc":{"start":{"line":289,"column":31},"end":{"line":289,"column":69}},"line":289},"30":{"name":"(anonymous_30)","decl":{"start":{"line":300,"column":23},"end":{"line":300,"column":24}},"loc":{"start":{"line":301,"column":4},"end":{"line":307,"column":9}},"line":301},"31":{"name":"(anonymous_31)","decl":{"start":{"line":302,"column":11},"end":{"line":302,"column":12}},"loc":{"start":{"line":302,"column":18},"end":{"line":302,"column":38}},"line":302},"32":{"name":"(anonymous_32)","decl":{"start":{"line":310,"column":2},"end":{"line":310,"column":3}},"loc":{"start":{"line":310,"column":11},"end":{"line":391,"column":3}},"line":310},"33":{"name":"(anonymous_33)","decl":{"start":{"line":320,"column":17},"end":{"line":320,"column":18}},"loc":{"start":{"line":320,"column":24},"end":{"line":320,"column":43}},"line":320},"34":{"name":"(anonymous_34)","decl":{"start":{"line":334,"column":17},"end":{"line":334,"column":18}},"loc":{"start":{"line":334,"column":24},"end":{"line":334,"column":46}},"line":334},"35":{"name":"(anonymous_35)","decl":{"start":{"line":354,"column":21},"end":{"line":354,"column":22}},"loc":{"start":{"line":354,"column":28},"end":{"line":354,"column":50}},"line":354},"36":{"name":"(anonymous_36)","decl":{"start":{"line":377,"column":19},"end":{"line":377,"column":20}},"loc":{"start":{"line":377,"column":26},"end":{"line":377,"column":46}},"line":377},"37":{"name":"(anonymous_37)","decl":{"start":{"line":384,"column":27},"end":{"line":384,"column":28}},"loc":{"start":{"line":384,"column":33},"end":{"line":384,"column":62}},"line":384},"38":{"name":"(anonymous_38)","decl":{"start":{"line":385,"column":27},"end":{"line":385,"column":28}},"loc":{"start":{"line":385,"column":33},"end":{"line":385,"column":62}},"line":385}},"branchMap":{"0":{"loc":{"start":{"line":45,"column":4},"end":{"line":47,"column":5}},"type":"if","locations":[{"start":{"line":45,"column":4},"end":{"line":47,"column":5}},{"start":{"line":45,"column":4},"end":{"line":47,"column":5}}],"line":45},"1":{"loc":{"start":{"line":55,"column":4},"end":{"line":59,"column":5}},"type":"if","locations":[{"start":{"line":55,"column":4},"end":{"line":59,"column":5}},{"start":{"line":55,"column":4},"end":{"line":59,"column":5}}],"line":55},"2":{"loc":{"start":{"line":56,"column":37},"end":{"line":56,"column":50}},"type":"default-arg","locations":[{"start":{"line":56,"column":46},"end":{"line":56,"column":50}}],"line":56},"3":{"loc":{"start":{"line":60,"column":4},"end":{"line":64,"column":5}},"type":"if","locations":[{"start":{"line":60,"column":4},"end":{"line":64,"column":5}},{"start":{"line":60,"column":4},"end":{"line":64,"column":5}}],"line":60},"4":{"loc":{"start":{"line":61,"column":28},"end":{"line":61,"column":41}},"type":"default-arg","locations":[{"start":{"line":61,"column":37},"end":{"line":61,"column":41}}],"line":61},"5":{"loc":{"start":{"line":69,"column":4},"end":{"line":84,"column":5}},"type":"if","locations":[{"start":{"line":69,"column":4},"end":{"line":84,"column":5}},{"start":{"line":69,"column":4},"end":{"line":84,"column":5}}],"line":69},"6":{"loc":{"start":{"line":70,"column":6},"end":{"line":82,"column":7}},"type":"if","locations":[{"start":{"line":70,"column":6},"end":{"line":82,"column":7}},{"start":{"line":70,"column":6},"end":{"line":82,"column":7}}],"line":70},"7":{"loc":{"start":{"line":70,"column":10},"end":{"line":70,"column":58}},"type":"binary-expr","locations":[{"start":{"line":70,"column":10},"end":{"line":70,"column":31}},{"start":{"line":70,"column":35},"end":{"line":70,"column":58}}],"line":70},"8":{"loc":{"start":{"line":72,"column":8},"end":{"line":74,"column":9}},"type":"if","locations":[{"start":{"line":72,"column":8},"end":{"line":74,"column":9}},{"start":{"line":72,"column":8},"end":{"line":74,"column":9}}],"line":72},"9":{"loc":{"start":{"line":89,"column":4},"end":{"line":94,"column":5}},"type":"if","locations":[{"start":{"line":89,"column":4},"end":{"line":94,"column":5}},{"start":{"line":89,"column":4},"end":{"line":94,"column":5}}],"line":89},"10":{"loc":{"start":{"line":90,"column":6},"end":{"line":91,"column":20}},"type":"binary-expr","locations":[{"start":{"line":90,"column":7},"end":{"line":90,"column":22}},{"start":{"line":90,"column":26},"end":{"line":90,"column":60}},{"start":{"line":91,"column":6},"end":{"line":91,"column":20}}],"line":90},"11":{"loc":{"start":{"line":105,"column":11},"end":{"line":107,"column":52}},"type":"cond-expr","locations":[{"start":{"line":106,"column":8},"end":{"line":106,"column":45}},{"start":{"line":107,"column":8},"end":{"line":107,"column":52}}],"line":105},"12":{"loc":{"start":{"line":111,"column":4},"end":{"line":124,"column":5}},"type":"switch","locations":[{"start":{"line":112,"column":6},"end":{"line":115,"column":14}},{"start":{"line":116,"column":6},"end":{"line":121,"column":14}},{"start":{"line":122,"column":6},"end":{"line":123,"column":15}}],"line":111},"13":{"loc":{"start":{"line":117,"column":8},"end":{"line":120,"column":9}},"type":"if","locations":[{"start":{"line":117,"column":8},"end":{"line":120,"column":9}},{"start":{"line":117,"column":8},"end":{"line":120,"column":9}}],"line":117},"14":{"loc":{"start":{"line":130,"column":6},"end":{"line":132,"column":41}},"type":"cond-expr","locations":[{"start":{"line":131,"column":10},"end":{"line":131,"column":38}},{"start":{"line":132,"column":10},"end":{"line":132,"column":41}}],"line":130},"15":{"loc":{"start":{"line":133,"column":4},"end":{"line":140,"column":5}},"type":"if","locations":[{"start":{"line":133,"column":4},"end":{"line":140,"column":5}},{"start":{"line":133,"column":4},"end":{"line":140,"column":5}}],"line":133},"16":{"loc":{"start":{"line":133,"column":8},"end":{"line":133,"column":40}},"type":"binary-expr","locations":[{"start":{"line":133,"column":8},"end":{"line":133,"column":14}},{"start":{"line":133,"column":18},"end":{"line":133,"column":40}}],"line":133},"17":{"loc":{"start":{"line":137,"column":6},"end":{"line":139,"column":7}},"type":"if","locations":[{"start":{"line":137,"column":6},"end":{"line":139,"column":7}},{"start":{"line":137,"column":6},"end":{"line":139,"column":7}}],"line":137},"18":{"loc":{"start":{"line":145,"column":4},"end":{"line":170,"column":5}},"type":"switch","locations":[{"start":{"line":146,"column":6},"end":{"line":153,"column":14}},{"start":{"line":154,"column":6},"end":{"line":161,"column":14}},{"start":{"line":162,"column":6},"end":{"line":169,"column":14}}],"line":145},"19":{"loc":{"start":{"line":176,"column":4},"end":{"line":180,"column":5}},"type":"if","locations":[{"start":{"line":176,"column":4},"end":{"line":180,"column":5}},{"start":{"line":176,"column":4},"end":{"line":180,"column":5}}],"line":176},"20":{"loc":{"start":{"line":186,"column":4},"end":{"line":205,"column":5}},"type":"switch","locations":[{"start":{"line":187,"column":6},"end":{"line":191,"column":14}},{"start":{"line":192,"column":6},"end":{"line":199,"column":14}},{"start":{"line":200,"column":6},"end":{"line":204,"column":14}}],"line":186},"21":{"loc":{"start":{"line":188,"column":8},"end":{"line":190,"column":9}},"type":"if","locations":[{"start":{"line":188,"column":8},"end":{"line":190,"column":9}},{"start":{"line":188,"column":8},"end":{"line":190,"column":9}}],"line":188},"22":{"loc":{"start":{"line":188,"column":12},"end":{"line":188,"column":52}},"type":"binary-expr","locations":[{"start":{"line":188,"column":12},"end":{"line":188,"column":28}},{"start":{"line":188,"column":32},"end":{"line":188,"column":52}}],"line":188},"23":{"loc":{"start":{"line":193,"column":8},"end":{"line":195,"column":9}},"type":"if","locations":[{"start":{"line":193,"column":8},"end":{"line":195,"column":9}},{"start":{"line":193,"column":8},"end":{"line":195,"column":9}}],"line":193},"24":{"loc":{"start":{"line":193,"column":12},"end":{"line":193,"column":52}},"type":"binary-expr","locations":[{"start":{"line":193,"column":12},"end":{"line":193,"column":28}},{"start":{"line":193,"column":32},"end":{"line":193,"column":52}}],"line":193},"25":{"loc":{"start":{"line":196,"column":8},"end":{"line":198,"column":9}},"type":"if","locations":[{"start":{"line":196,"column":8},"end":{"line":198,"column":9}},{"start":{"line":196,"column":8},"end":{"line":198,"column":9}}],"line":196},"26":{"loc":{"start":{"line":196,"column":12},"end":{"line":196,"column":52}},"type":"binary-expr","locations":[{"start":{"line":196,"column":12},"end":{"line":196,"column":28}},{"start":{"line":196,"column":32},"end":{"line":196,"column":52}}],"line":196},"27":{"loc":{"start":{"line":201,"column":8},"end":{"line":203,"column":9}},"type":"if","locations":[{"start":{"line":201,"column":8},"end":{"line":203,"column":9}},{"start":{"line":201,"column":8},"end":{"line":203,"column":9}}],"line":201},"28":{"loc":{"start":{"line":201,"column":12},"end":{"line":201,"column":52}},"type":"binary-expr","locations":[{"start":{"line":201,"column":12},"end":{"line":201,"column":28}},{"start":{"line":201,"column":32},"end":{"line":201,"column":52}}],"line":201},"29":{"loc":{"start":{"line":239,"column":4},"end":{"line":239,"column":52}},"type":"if","locations":[{"start":{"line":239,"column":4},"end":{"line":239,"column":52}},{"start":{"line":239,"column":4},"end":{"line":239,"column":52}}],"line":239},"30":{"loc":{"start":{"line":240,"column":4},"end":{"line":240,"column":56}},"type":"if","locations":[{"start":{"line":240,"column":4},"end":{"line":240,"column":56}},{"start":{"line":240,"column":4},"end":{"line":240,"column":56}}],"line":240},"31":{"loc":{"start":{"line":241,"column":4},"end":{"line":244,"column":5}},"type":"if","locations":[{"start":{"line":241,"column":4},"end":{"line":244,"column":5}},{"start":{"line":241,"column":4},"end":{"line":244,"column":5}}],"line":241},"32":{"loc":{"start":{"line":241,"column":8},"end":{"line":241,"column":69}},"type":"binary-expr","locations":[{"start":{"line":241,"column":8},"end":{"line":241,"column":19}},{"start":{"line":241,"column":23},"end":{"line":241,"column":69}}],"line":241},"33":{"loc":{"start":{"line":245,"column":4},"end":{"line":247,"column":5}},"type":"if","locations":[{"start":{"line":245,"column":4},"end":{"line":247,"column":5}},{"start":{"line":245,"column":4},"end":{"line":247,"column":5}}],"line":245},"34":{"loc":{"start":{"line":252,"column":26},"end":{"line":252,"column":52}},"type":"cond-expr","locations":[{"start":{"line":252,"column":45},"end":{"line":252,"column":47}},{"start":{"line":252,"column":50},"end":{"line":252,"column":52}}],"line":252},"35":{"loc":{"start":{"line":256,"column":8},"end":{"line":264,"column":9}},"type":"if","locations":[{"start":{"line":256,"column":8},"end":{"line":264,"column":9}},{"start":{"line":256,"column":8},"end":{"line":264,"column":9}}],"line":256},"36":{"loc":{"start":{"line":275,"column":21},"end":{"line":275,"column":71}},"type":"cond-expr","locations":[{"start":{"line":275,"column":42},"end":{"line":275,"column":55}},{"start":{"line":275,"column":58},"end":{"line":275,"column":71}}],"line":275},"37":{"loc":{"start":{"line":279,"column":8},"end":{"line":294,"column":9}},"type":"if","locations":[{"start":{"line":279,"column":8},"end":{"line":294,"column":9}},{"start":{"line":279,"column":8},"end":{"line":294,"column":9}}],"line":279},"38":{"loc":{"start":{"line":280,"column":10},"end":{"line":293,"column":11}},"type":"if","locations":[{"start":{"line":280,"column":10},"end":{"line":293,"column":11}},{"start":{"line":280,"column":10},"end":{"line":293,"column":11}}],"line":280},"39":{"loc":{"start":{"line":304,"column":8},"end":{"line":304,"column":68}},"type":"cond-expr","locations":[{"start":{"line":304,"column":27},"end":{"line":304,"column":46}},{"start":{"line":304,"column":49},"end":{"line":304,"column":68}}],"line":304},"40":{"loc":{"start":{"line":344,"column":9},"end":{"line":365,"column":9}},"type":"binary-expr","locations":[{"start":{"line":344,"column":9},"end":{"line":344,"column":31}},{"start":{"line":345,"column":10},"end":{"line":364,"column":27}}],"line":344},"41":{"loc":{"start":{"line":366,"column":9},"end":{"line":388,"column":9}},"type":"binary-expr","locations":[{"start":{"line":366,"column":9},"end":{"line":366,"column":36}},{"start":{"line":367,"column":10},"end":{"line":387,"column":16}}],"line":366},"42":{"loc":{"start":{"line":379,"column":16},"end":{"line":381,"column":39}},"type":"cond-expr","locations":[{"start":{"line":380,"column":20},"end":{"line":380,"column":39}},{"start":{"line":381,"column":20},"end":{"line":381,"column":39}}],"line":379}},"s":{"0":35,"1":1,"2":1,"3":35,"4":35,"5":35,"6":35,"7":61,"8":1,"9":1,"10":35,"11":35,"12":32,"13":32,"14":32,"15":3,"16":3,"17":3,"18":3,"19":35,"20":35,"21":35,"22":35,"23":0,"24":0,"25":0,"26":0,"27":0,"28":0,"29":35,"30":35,"31":3,"32":3,"33":2,"34":1,"35":35,"36":2,"37":2,"38":35,"39":7,"40":4,"41":4,"42":4,"43":2,"44":2,"45":2,"46":2,"47":1,"48":35,"49":3,"50":3,"51":3,"52":3,"53":3,"54":3,"55":3,"56":35,"57":5,"58":5,"59":1,"60":1,"61":3,"62":3,"63":1,"64":1,"65":5,"66":35,"67":2,"68":2,"69":1,"70":1,"71":2,"72":35,"73":4,"74":4,"75":1,"76":1,"77":1,"78":2,"79":1,"80":2,"81":1,"82":2,"83":1,"84":1,"85":1,"86":35,"87":2,"88":2,"89":35,"90":1,"91":35,"92":1,"93":35,"94":4,"95":4,"96":4,"97":35,"98":10,"99":10,"100":10,"101":10,"102":9,"103":10,"104":9,"105":10,"106":9,"107":9,"108":1,"109":1,"110":35,"111":96,"112":96,"113":96,"114":1303,"115":960,"116":1,"117":343,"118":1,"119":35,"120":183,"121":183,"122":10980,"123":10820,"124":1806,"125":1,"126":9014,"127":1,"128":10980,"129":35,"130":279,"131":217,"132":96,"133":74,"134":74,"135":69,"136":69,"137":1,"138":1},"f":{"0":9,"1":35,"2":61,"3":1,"4":35,"5":35,"6":3,"7":2,"8":7,"9":3,"10":3,"11":5,"12":2,"13":1,"14":4,"15":2,"16":2,"17":1,"18":1,"19":4,"20":4,"21":10,"22":96,"23":1303,"24":1,"25":1,"26":183,"27":10980,"28":1,"29":1,"30":279,"31":217,"32":96,"33":74,"34":74,"35":69,"36":69,"37":1,"38":1},"b":{"0":[1,60],"1":[32,3],"2":[30],"3":[3,0],"4":[1],"5":[35,0],"6":[0,35],"7":[35,0],"8":[0,0],"9":[2,1],"10":[3,1,3],"11":[1,1],"12":[4,2,1],"13":[2,0],"14":[2,1],"15":[3,0],"16":[3,3],"17":[3,0],"18":[1,3,1],"19":[1,1],"20":[1,2,1],"21":[1,0],"22":[1,1],"23":[1,1],"24":[2,1],"25":[1,1],"26":[2,1],"27":[1,0],"28":[1,1],"29":[9,1],"30":[9,1],"31":[9,1],"32":[10,9],"33":[1,0],"34":[91,5],"35":[960,343],"36":[96,87],"37":[10820,160],"38":[1806,9014],"39":[10,269],"40":[96,87],"41":[96,91],"42":[1,90]},"_coverageSchema":"43e27e138ebf9cfc5966b082cf9a028302ed4184","hash":"02d95135b027b9c74e91937c8398a205650e010a"}
}
