TN:
SF:/Users/Sufiyaan/Repos/PersonalProjects/easy-time-picker/src/index.js
FN:33,(anonymous_0)
FN:39,(anonymous_1)
FN:44,(anonymous_2)
FN:50,(anonymous_3)
FN:54,(anonymous_4)
FN:67,(anonymous_5)
FN:87,(anonymous_6)
FN:103,(anonymous_7)
FN:110,(anonymous_8)
FN:127,(anonymous_9)
FN:134,(anonymous_10)
FN:143,(anonymous_11)
FN:174,(anonymous_12)
FN:177,(anonymous_13)
FN:184,(anonymous_14)
FN:208,(anonymous_15)
FN:209,(anonymous_16)
FN:214,(anonymous_17)
FN:218,(anonymous_18)
FN:228,(anonymous_19)
FN:229,(anonymous_20)
FN:235,(anonymous_21)
FN:250,(anonymous_22)
FN:255,(anonymous_23)
FN:260,(anonymous_24)
FN:267,(anonymous_25)
FN:274,(anonymous_26)
FN:278,(anonymous_27)
FN:282,(anonymous_28)
FN:289,(anonymous_29)
FN:300,(anonymous_30)
FN:302,(anonymous_31)
FN:310,(anonymous_32)
FN:320,(anonymous_33)
FN:334,(anonymous_34)
FN:354,(anonymous_35)
FN:377,(anonymous_36)
FN:384,(anonymous_37)
FN:385,(anonymous_38)
FNF:39
FNH:39
FNDA:9,(anonymous_0)
FNDA:35,(anonymous_1)
FNDA:61,(anonymous_2)
FNDA:1,(anonymous_3)
FNDA:35,(anonymous_4)
FNDA:35,(anonymous_5)
FNDA:3,(anonymous_6)
FNDA:2,(anonymous_7)
FNDA:7,(anonymous_8)
FNDA:3,(anonymous_9)
FNDA:3,(anonymous_10)
FNDA:5,(anonymous_11)
FNDA:2,(anonymous_12)
FNDA:1,(anonymous_13)
FNDA:4,(anonymous_14)
FNDA:2,(anonymous_15)
FNDA:2,(anonymous_16)
FNDA:1,(anonymous_17)
FNDA:1,(anonymous_18)
FNDA:4,(anonymous_19)
FNDA:4,(anonymous_20)
FNDA:10,(anonymous_21)
FNDA:96,(anonymous_22)
FNDA:1303,(anonymous_23)
FNDA:1,(anonymous_24)
FNDA:1,(anonymous_25)
FNDA:183,(anonymous_26)
FNDA:10980,(anonymous_27)
FNDA:1,(anonymous_28)
FNDA:1,(anonymous_29)
FNDA:279,(anonymous_30)
FNDA:217,(anonymous_31)
FNDA:96,(anonymous_32)
FNDA:74,(anonymous_33)
FNDA:74,(anonymous_34)
FNDA:69,(anonymous_35)
FNDA:69,(anonymous_36)
FNDA:1,(anonymous_37)
FNDA:1,(anonymous_38)
DA:6,35
DA:18,1
DA:27,1
DA:36,35
DA:37,35
DA:40,35
DA:41,35
DA:45,61
DA:46,1
DA:51,1
DA:54,35
DA:55,35
DA:56,32
DA:57,32
DA:58,32
DA:60,3
DA:61,3
DA:62,3
DA:63,3
DA:67,35
DA:68,35
DA:69,35
DA:70,35
DA:71,0
DA:72,0
DA:73,0
DA:75,0
DA:80,0
DA:81,0
DA:83,35
DA:87,35
DA:88,3
DA:89,3
DA:93,2
DA:95,1
DA:103,35
DA:104,2
DA:105,2
DA:110,35
DA:111,7
DA:113,4
DA:114,4
DA:115,4
DA:117,2
DA:118,2
DA:119,2
DA:121,2
DA:123,1
DA:127,35
DA:128,3
DA:130,3
DA:133,3
DA:134,3
DA:135,3
DA:137,3
DA:138,3
DA:143,35
DA:144,5
DA:145,5
DA:147,1
DA:153,1
DA:155,3
DA:161,3
DA:163,1
DA:169,1
DA:171,5
DA:174,35
DA:175,2
DA:176,2
DA:177,1
DA:178,1
DA:181,2
DA:184,35
DA:185,4
DA:186,4
DA:188,1
DA:189,1
DA:191,1
DA:193,2
DA:194,1
DA:196,2
DA:197,1
DA:199,2
DA:201,1
DA:202,1
DA:204,1
DA:208,35
DA:209,2
DA:210,2
DA:214,35
DA:215,1
DA:218,35
DA:219,1
DA:228,35
DA:229,4
DA:230,4
DA:232,4
DA:235,35
DA:236,10
DA:237,10
DA:238,10
DA:239,10
DA:240,10
DA:241,10
DA:242,9
DA:243,9
DA:245,1
DA:246,1
DA:250,35
DA:251,96
DA:252,96
DA:253,96
DA:256,1303
DA:257,960
DA:260,1
DA:265,343
DA:267,1
DA:274,35
DA:275,183
DA:276,183
DA:279,10980
DA:280,10820
DA:281,1806
DA:282,1
DA:287,9014
DA:289,1
DA:296,10980
DA:300,35
DA:301,279
DA:302,217
DA:311,96
DA:320,74
DA:334,74
DA:354,69
DA:377,69
DA:384,1
DA:385,1
LF:137
LH:131
BRDA:45,0,0,1
BRDA:45,0,1,60
BRDA:55,1,0,32
BRDA:55,1,1,3
BRDA:56,2,0,30
BRDA:60,3,0,3
BRDA:60,3,1,0
BRDA:61,4,0,1
BRDA:69,5,0,35
BRDA:69,5,1,0
BRDA:70,6,0,0
BRDA:70,6,1,35
BRDA:70,7,0,35
BRDA:70,7,1,0
BRDA:72,8,0,0
BRDA:72,8,1,0
BRDA:89,9,0,2
BRDA:89,9,1,1
BRDA:90,10,0,3
BRDA:90,10,1,1
BRDA:90,10,2,3
BRDA:105,11,0,1
BRDA:105,11,1,1
BRDA:111,12,0,4
BRDA:111,12,1,2
BRDA:111,12,2,1
BRDA:117,13,0,2
BRDA:117,13,1,0
BRDA:130,14,0,2
BRDA:130,14,1,1
BRDA:133,15,0,3
BRDA:133,15,1,0
BRDA:133,16,0,3
BRDA:133,16,1,3
BRDA:137,17,0,3
BRDA:137,17,1,0
BRDA:145,18,0,1
BRDA:145,18,1,3
BRDA:145,18,2,1
BRDA:176,19,0,1
BRDA:176,19,1,1
BRDA:186,20,0,1
BRDA:186,20,1,2
BRDA:186,20,2,1
BRDA:188,21,0,1
BRDA:188,21,1,0
BRDA:188,22,0,1
BRDA:188,22,1,1
BRDA:193,23,0,1
BRDA:193,23,1,1
BRDA:193,24,0,2
BRDA:193,24,1,1
BRDA:196,25,0,1
BRDA:196,25,1,1
BRDA:196,26,0,2
BRDA:196,26,1,1
BRDA:201,27,0,1
BRDA:201,27,1,0
BRDA:201,28,0,1
BRDA:201,28,1,1
BRDA:239,29,0,9
BRDA:239,29,1,1
BRDA:240,30,0,9
BRDA:240,30,1,1
BRDA:241,31,0,9
BRDA:241,31,1,1
BRDA:241,32,0,10
BRDA:241,32,1,9
BRDA:245,33,0,1
BRDA:245,33,1,0
BRDA:252,34,0,91
BRDA:252,34,1,5
BRDA:256,35,0,960
BRDA:256,35,1,343
BRDA:275,36,0,96
BRDA:275,36,1,87
BRDA:279,37,0,10820
BRDA:279,37,1,160
BRDA:280,38,0,1806
BRDA:280,38,1,9014
BRDA:304,39,0,10
BRDA:304,39,1,269
BRDA:344,40,0,96
BRDA:344,40,1,87
BRDA:366,41,0,96
BRDA:366,41,1,91
BRDA:379,42,0,1
BRDA:379,42,1,90
BRF:88
BRH:76
end_of_record
